{"/Users/selfal/Documents/ПИ/Отчеты/Лабораторная 6/src/main.js": {"path":"/Users/selfal/Documents/ПИ/Отчеты/Лабораторная 6/src/main.js","statementMap":{"0":{"start":{"line":1,"column":11},"end":{"line":1,"column":24}},"1":{"start":{"line":2,"column":11},"end":{"line":2,"column":24}},"2":{"start":{"line":3,"column":17},"end":{"line":3,"column":36}},"3":{"start":{"line":9,"column":18},"end":{"line":9,"column":40}},"4":{"start":{"line":10,"column":8},"end":{"line":10,"column":71}},"5":{"start":{"line":11,"column":8},"end":{"line":11,"column":42}},"6":{"start":{"line":12,"column":8},"end":{"line":12,"column":40}},"7":{"start":{"line":13,"column":8},"end":{"line":13,"column":63}},"8":{"start":{"line":14,"column":8},"end":{"line":14,"column":52}},"9":{"start":{"line":14,"column":36},"end":{"line":14,"column":50}},"10":{"start":{"line":15,"column":8},"end":{"line":15,"column":24}},"11":{"start":{"line":20,"column":28},"end":{"line":24,"column":9}},"12":{"start":{"line":26,"column":8},"end":{"line":40,"column":11}},"13":{"start":{"line":27,"column":12},"end":{"line":34,"column":13}},"14":{"start":{"line":27,"column":25},"end":{"line":27,"column":26}},"15":{"start":{"line":28,"column":16},"end":{"line":33,"column":17}},"16":{"start":{"line":29,"column":20},"end":{"line":29,"column":44}},"17":{"start":{"line":30,"column":20},"end":{"line":30,"column":67}},"18":{"start":{"line":35,"column":12},"end":{"line":35,"column":28}},"19":{"start":{"line":36,"column":12},"end":{"line":36,"column":62}},"20":{"start":{"line":37,"column":12},"end":{"line":37,"column":60}},"21":{"start":{"line":38,"column":12},"end":{"line":38,"column":67}},"22":{"start":{"line":39,"column":12},"end":{"line":39,"column":37}},"23":{"start":{"line":45,"column":23},"end":{"line":45,"column":52}},"24":{"start":{"line":46,"column":8},"end":{"line":46,"column":24}},"25":{"start":{"line":50,"column":12},"end":{"line":50,"column":23}},"26":{"start":{"line":52,"column":11},"end":{"line":55,"column":2}},"27":{"start":{"line":57,"column":0},"end":{"line":59,"column":3}},"28":{"start":{"line":58,"column":4},"end":{"line":58,"column":28}},"29":{"start":{"line":60,"column":0},"end":{"line":60,"column":11}},"30":{"start":{"line":65,"column":4},"end":{"line":65,"column":17}},"31":{"start":{"line":67,"column":0},"end":{"line":67,"column":21}}},"fnMap":{"0":{"name":"(anonymous_0)","decl":{"start":{"line":8,"column":4},"end":{"line":8,"column":5}},"loc":{"start":{"line":8,"column":15},"end":{"line":16,"column":5}},"line":8},"1":{"name":"(anonymous_1)","decl":{"start":{"line":14,"column":25},"end":{"line":14,"column":26}},"loc":{"start":{"line":14,"column":36},"end":{"line":14,"column":50}},"line":14},"2":{"name":"(anonymous_2)","decl":{"start":{"line":19,"column":4},"end":{"line":19,"column":5}},"loc":{"start":{"line":19,"column":15},"end":{"line":41,"column":5}},"line":19},"3":{"name":"(anonymous_3)","decl":{"start":{"line":26,"column":22},"end":{"line":26,"column":23}},"loc":{"start":{"line":26,"column":34},"end":{"line":40,"column":9}},"line":26},"4":{"name":"(anonymous_4)","decl":{"start":{"line":44,"column":4},"end":{"line":44,"column":5}},"loc":{"start":{"line":44,"column":22},"end":{"line":47,"column":5}},"line":44},"5":{"name":"(anonymous_5)","decl":{"start":{"line":57,"column":30},"end":{"line":57,"column":31}},"loc":{"start":{"line":57,"column":42},"end":{"line":59,"column":1}},"line":57},"6":{"name":"sum","decl":{"start":{"line":64,"column":9},"end":{"line":64,"column":12}},"loc":{"start":{"line":64,"column":19},"end":{"line":66,"column":1}},"line":64}},"branchMap":{},"s":{"0":1,"1":1,"2":1,"3":0,"4":0,"5":0,"6":0,"7":0,"8":0,"9":0,"10":0,"11":0,"12":0,"13":0,"14":0,"15":0,"16":0,"17":0,"18":0,"19":0,"20":0,"21":0,"22":0,"23":0,"24":0,"25":1,"26":1,"27":1,"28":0,"29":1,"30":1,"31":1},"f":{"0":0,"1":0,"2":0,"3":0,"4":0,"5":0,"6":1},"b":{},"_coverageSchema":"1a1c01bbd47fc00a2c39e90264f33305004495a9","hash":"42517292074843620c9d267dd3783568544f8706"}
}
